<?xml version="1.0" encoding="UTF-8"?>
<testsuite name="SwingDemoTest" tests="1" skipped="0" failures="0" errors="0" timestamp="2022-12-11T18:28:33" hostname="LAPTOP-GOCSKIF4" time="0.001">
  <properties/>
  <testcase name="testSomeLibraryMethod" classname="SwingDemoTest" time="0.001"/>
  <system-out><![CDATA[]]></system-out>
  <system-err><![CDATA[]]></system-err>
</testsuite>
